<?xml version="1.0" encoding="UTF-8"?>
<testsuite xmlns:xsi="http://www.w3.org/2001/XMLSchema-instance" xsi:noNamespaceSchemaLocation="https://maven.apache.org/surefire/maven-surefire-plugin/xsd/surefire-test-report.xsd" version="3.0.2" name="com.orchestrator.OrchestratorServiceTest" time="62.327" tests="1" errors="0" skipped="0" failures="0">
  <properties>
    <property name="java.specification.version" value="21"/>
    <property name="sun.cpu.isalist" value="amd64"/>
    <property name="sun.jnu.encoding" value="Cp1252"/>
    <property name="java.class.path" value="C:\Users\ravik\Desktop\ProjectTCC\orchestrator-service\target\test-classes;C:\Users\ravik\Desktop\ProjectTCC\orchestrator-service\target\classes;C:\Users\ravik\.m2\repository\io\micronaut\micronaut-http-server-netty\4.5.4\micronaut-http-server-netty-4.5.4.jar;C:\Users\ravik\.m2\repository\org\slf4j\slf4j-api\2.0.12\slf4j-api-2.0.12.jar;C:\Users\ravik\.m2\repository\io\micronaut\micronaut-http-server\4.5.4\micronaut-http-server-4.5.4.jar;C:\Users\ravik\.m2\repository\io\micronaut\micronaut-http\4.5.4\micronaut-http-4.5.4.jar;C:\Users\ravik\.m2\repository\io\micronaut\micronaut-context-propagation\4.5.4\micronaut-context-propagation-4.5.4.jar;C:\Users\ravik\.m2\repository\io\micronaut\micronaut-core\4.5.4\micronaut-core-4.5.4.jar;C:\Users\ravik\.m2\repository\io\micronaut\micronaut-http-netty\4.5.4\micronaut-http-netty-4.5.4.jar;C:\Users\ravik\.m2\repository\io\micronaut\micronaut-buffer-netty\4.5.4\micronaut-buffer-netty-4.5.4.jar;C:\Users\ravik\.m2\repository\io\netty\netty-codec-http2\4.1.111.Final\netty-codec-http2-4.1.111.Final.jar;C:\Users\ravik\.m2\repository\io\netty\netty-handler\4.1.111.Final\netty-handler-4.1.111.Final.jar;C:\Users\ravik\.m2\repository\io\netty\netty-resolver\4.1.111.Final\netty-resolver-4.1.111.Final.jar;C:\Users\ravik\.m2\repository\io\netty\netty-transport-native-unix-common\4.1.111.Final\netty-transport-native-unix-common-4.1.111.Final.jar;C:\Users\ravik\.m2\repository\io\netty\netty-codec-http\4.1.111.Final\netty-codec-http-4.1.111.Final.jar;C:\Users\ravik\.m2\repository\io\netty\netty-common\4.1.111.Final\netty-common-4.1.111.Final.jar;C:\Users\ravik\.m2\repository\io\netty\netty-buffer\4.1.111.Final\netty-buffer-4.1.111.Final.jar;C:\Users\ravik\.m2\repository\io\netty\netty-transport\4.1.111.Final\netty-transport-4.1.111.Final.jar;C:\Users\ravik\.m2\repository\io\netty\netty-codec\4.1.111.Final\netty-codec-4.1.111.Final.jar;C:\Users\ravik\.m2\repository\io\projectreactor\reactor-core\3.5.11\reactor-core-3.5.11.jar;C:\Users\ravik\.m2\repository\org\reactivestreams\reactive-streams\1.0.4\reactive-streams-1.0.4.jar;C:\Users\ravik\.m2\repository\io\micronaut\serde\micronaut-serde-jackson\2.10.2\micronaut-serde-jackson-2.10.2.jar;C:\Users\ravik\.m2\repository\io\micronaut\micronaut-inject\4.5.4\micronaut-inject-4.5.4.jar;C:\Users\ravik\.m2\repository\jakarta\inject\jakarta.inject-api\2.0.1\jakarta.inject-api-2.0.1.jar;C:\Users\ravik\.m2\repository\jakarta\annotation\jakarta.annotation-api\2.1.1\jakarta.annotation-api-2.1.1.jar;C:\Users\ravik\.m2\repository\io\micronaut\micronaut-jackson-core\4.5.4\micronaut-jackson-core-4.5.4.jar;C:\Users\ravik\.m2\repository\com\fasterxml\jackson\core\jackson-core\2.17.2\jackson-core-2.17.2.jar;C:\Users\ravik\.m2\repository\com\fasterxml\jackson\core\jackson-annotations\2.17.2\jackson-annotations-2.17.2.jar;C:\Users\ravik\.m2\repository\io\micronaut\micronaut-context\4.5.4\micronaut-context-4.5.4.jar;C:\Users\ravik\.m2\repository\io\micronaut\serde\micronaut-serde-api\2.10.2\micronaut-serde-api-2.10.2.jar;C:\Users\ravik\.m2\repository\io\micronaut\serde\micronaut-serde-support\2.10.2\micronaut-serde-support-2.10.2.jar;C:\Users\ravik\.m2\repository\ch\qos\logback\logback-classic\1.5.3\logback-classic-1.5.3.jar;C:\Users\ravik\.m2\repository\ch\qos\logback\logback-core\1.5.3\logback-core-1.5.3.jar;C:\Users\ravik\.m2\repository\io\micronaut\micronaut-http-client\4.5.4\micronaut-http-client-4.5.4.jar;C:\Users\ravik\.m2\repository\io\micronaut\micronaut-http-client-core\4.5.4\micronaut-http-client-core-4.5.4.jar;C:\Users\ravik\.m2\repository\io\micronaut\micronaut-websocket\4.5.4\micronaut-websocket-4.5.4.jar;C:\Users\ravik\.m2\repository\io\netty\netty-handler-proxy\4.1.111.Final\netty-handler-proxy-4.1.111.Final.jar;C:\Users\ravik\.m2\repository\io\netty\netty-codec-socks\4.1.111.Final\netty-codec-socks-4.1.111.Final.jar;C:\Users\ravik\.m2\repository\io\micronaut\test\micronaut-test-junit5\4.4.0\micronaut-test-junit5-4.4.0.jar;C:\Users\ravik\.m2\repository\io\micronaut\test\micronaut-test-core\4.4.0\micronaut-test-core-4.4.0.jar;C:\Users\ravik\.m2\repository\org\junit\jupiter\junit-jupiter-api\5.10.3\junit-jupiter-api-5.10.3.jar;C:\Users\ravik\.m2\repository\org\opentest4j\opentest4j\1.3.0\opentest4j-1.3.0.jar;C:\Users\ravik\.m2\repository\org\junit\platform\junit-platform-commons\1.10.3\junit-platform-commons-1.10.3.jar;C:\Users\ravik\.m2\repository\org\apiguardian\apiguardian-api\1.1.2\apiguardian-api-1.1.2.jar;C:\Users\ravik\.m2\repository\org\junit\jupiter\junit-jupiter-engine\5.10.3\junit-jupiter-engine-5.10.3.jar;C:\Users\ravik\.m2\repository\org\junit\platform\junit-platform-engine\1.10.3\junit-platform-engine-1.10.3.jar;C:\Users\ravik\.m2\repository\io\micronaut\kafka\micronaut-kafka\5.5.0\micronaut-kafka-5.5.0.jar;C:\Users\ravik\.m2\repository\io\micronaut\micronaut-messaging\4.5.4\micronaut-messaging-4.5.4.jar;C:\Users\ravik\.m2\repository\io\micronaut\micronaut-json-core\4.5.4\micronaut-json-core-4.5.4.jar;C:\Users\ravik\.m2\repository\org\apache\kafka\kafka-clients\3.7.0\kafka-clients-3.7.0.jar;C:\Users\ravik\.m2\repository\com\github\luben\zstd-jni\1.5.5-6\zstd-jni-1.5.5-6.jar;C:\Users\ravik\.m2\repository\org\lz4\lz4-java\1.8.0\lz4-java-1.8.0.jar;C:\Users\ravik\.m2\repository\org\xerial\snappy\snappy-java\1.1.10.5\snappy-java-1.1.10.5.jar;C:\Users\ravik\.m2\repository\jakarta\persistence\jakarta.persistence-api\3.1.0\jakarta.persistence-api-3.1.0.jar;C:\Users\ravik\.m2\repository\org\projectlombok\lombok\1.18.34\lombok-1.18.34.jar;C:\Users\ravik\.m2\repository\io\micronaut\data\micronaut-data-model\4.8.4\micronaut-data-model-4.8.4.jar;C:\Users\ravik\.m2\repository\io\micronaut\micronaut-aop\4.5.4\micronaut-aop-4.5.4.jar;C:\Users\ravik\.m2\repository\io\micronaut\micronaut-core-reactive\4.5.4\micronaut-core-reactive-4.5.4.jar;C:\Users\ravik\.m2\repository\io\micronaut\micrometer\micronaut-micrometer-core\5.7.1\micronaut-micrometer-core-5.7.1.jar;C:\Users\ravik\.m2\repository\io\micrometer\micrometer-core\1.12.6\micrometer-core-1.12.6.jar;C:\Users\ravik\.m2\repository\io\micrometer\micrometer-commons\1.12.6\micrometer-commons-1.12.6.jar;C:\Users\ravik\.m2\repository\io\micrometer\micrometer-observation\1.12.6\micrometer-observation-1.12.6.jar;C:\Users\ravik\.m2\repository\org\hdrhistogram\HdrHistogram\2.1.12\HdrHistogram-2.1.12.jar;C:\Users\ravik\.m2\repository\org\latencyutils\LatencyUtils\2.0.3\LatencyUtils-2.0.3.jar;C:\Users\ravik\.m2\repository\io\micronaut\micrometer\micronaut-micrometer-registry-prometheus\5.7.1\micronaut-micrometer-registry-prometheus-5.7.1.jar;C:\Users\ravik\.m2\repository\io\micrometer\micrometer-registry-prometheus\1.12.6\micrometer-registry-prometheus-1.12.6.jar;C:\Users\ravik\.m2\repository\io\prometheus\simpleclient_common\0.16.0\simpleclient_common-0.16.0.jar;C:\Users\ravik\.m2\repository\io\prometheus\simpleclient\0.16.0\simpleclient-0.16.0.jar;C:\Users\ravik\.m2\repository\io\prometheus\simpleclient_tracer_otel\0.16.0\simpleclient_tracer_otel-0.16.0.jar;C:\Users\ravik\.m2\repository\io\prometheus\simpleclient_tracer_common\0.16.0\simpleclient_tracer_common-0.16.0.jar;C:\Users\ravik\.m2\repository\io\prometheus\simpleclient_tracer_otel_agent\0.16.0\simpleclient_tracer_otel_agent-0.16.0.jar;C:\Users\ravik\.m2\repository\io\micronaut\micronaut-management\4.5.4\micronaut-management-4.5.4.jar;C:\Users\ravik\.m2\repository\io\micronaut\micronaut-router\4.5.4\micronaut-router-4.5.4.jar;C:\Users\ravik\.m2\repository\io\micronaut\micronaut-discovery-core\4.5.4\micronaut-discovery-core-4.5.4.jar;"/>
    <property name="java.vm.vendor" value="Amazon.com Inc."/>
    <property name="sun.arch.data.model" value="64"/>
    <property name="user.variant" value=""/>
    <property name="java.vendor.url" value="https://aws.amazon.com/corretto/"/>
    <property name="user.timezone" value="America/Sao_Paulo"/>
    <property name="os.name" value="Windows 11"/>
    <property name="java.vm.specification.version" value="21"/>
    <property name="sun.java.launcher" value="SUN_STANDARD"/>
    <property name="user.country" value="BR"/>
    <property name="sun.boot.library.path" value="C:\Users\ravik\.jdks\corretto-21.0.4\bin"/>
    <property name="sun.java.command" value="C:\Users\ravik\AppData\Local\Temp\surefire4658656424125594301\surefirebooter-20241030143114428_3.jar C:\Users\ravik\AppData\Local\Temp\surefire4658656424125594301 2024-10-30T14-31-14_259-jvmRun1 surefire-20241030143114428_1tmp surefire_0-20241030143114428_2tmp"/>
    <property name="jdk.debug" value="release"/>
    <property name="surefire.test.class.path" value="C:\Users\ravik\Desktop\ProjectTCC\orchestrator-service\target\test-classes;C:\Users\ravik\Desktop\ProjectTCC\orchestrator-service\target\classes;C:\Users\ravik\.m2\repository\io\micronaut\micronaut-http-server-netty\4.5.4\micronaut-http-server-netty-4.5.4.jar;C:\Users\ravik\.m2\repository\org\slf4j\slf4j-api\2.0.12\slf4j-api-2.0.12.jar;C:\Users\ravik\.m2\repository\io\micronaut\micronaut-http-server\4.5.4\micronaut-http-server-4.5.4.jar;C:\Users\ravik\.m2\repository\io\micronaut\micronaut-http\4.5.4\micronaut-http-4.5.4.jar;C:\Users\ravik\.m2\repository\io\micronaut\micronaut-context-propagation\4.5.4\micronaut-context-propagation-4.5.4.jar;C:\Users\ravik\.m2\repository\io\micronaut\micronaut-core\4.5.4\micronaut-core-4.5.4.jar;C:\Users\ravik\.m2\repository\io\micronaut\micronaut-http-netty\4.5.4\micronaut-http-netty-4.5.4.jar;C:\Users\ravik\.m2\repository\io\micronaut\micronaut-buffer-netty\4.5.4\micronaut-buffer-netty-4.5.4.jar;C:\Users\ravik\.m2\repository\io\netty\netty-codec-http2\4.1.111.Final\netty-codec-http2-4.1.111.Final.jar;C:\Users\ravik\.m2\repository\io\netty\netty-handler\4.1.111.Final\netty-handler-4.1.111.Final.jar;C:\Users\ravik\.m2\repository\io\netty\netty-resolver\4.1.111.Final\netty-resolver-4.1.111.Final.jar;C:\Users\ravik\.m2\repository\io\netty\netty-transport-native-unix-common\4.1.111.Final\netty-transport-native-unix-common-4.1.111.Final.jar;C:\Users\ravik\.m2\repository\io\netty\netty-codec-http\4.1.111.Final\netty-codec-http-4.1.111.Final.jar;C:\Users\ravik\.m2\repository\io\netty\netty-common\4.1.111.Final\netty-common-4.1.111.Final.jar;C:\Users\ravik\.m2\repository\io\netty\netty-buffer\4.1.111.Final\netty-buffer-4.1.111.Final.jar;C:\Users\ravik\.m2\repository\io\netty\netty-transport\4.1.111.Final\netty-transport-4.1.111.Final.jar;C:\Users\ravik\.m2\repository\io\netty\netty-codec\4.1.111.Final\netty-codec-4.1.111.Final.jar;C:\Users\ravik\.m2\repository\io\projectreactor\reactor-core\3.5.11\reactor-core-3.5.11.jar;C:\Users\ravik\.m2\repository\org\reactivestreams\reactive-streams\1.0.4\reactive-streams-1.0.4.jar;C:\Users\ravik\.m2\repository\io\micronaut\serde\micronaut-serde-jackson\2.10.2\micronaut-serde-jackson-2.10.2.jar;C:\Users\ravik\.m2\repository\io\micronaut\micronaut-inject\4.5.4\micronaut-inject-4.5.4.jar;C:\Users\ravik\.m2\repository\jakarta\inject\jakarta.inject-api\2.0.1\jakarta.inject-api-2.0.1.jar;C:\Users\ravik\.m2\repository\jakarta\annotation\jakarta.annotation-api\2.1.1\jakarta.annotation-api-2.1.1.jar;C:\Users\ravik\.m2\repository\io\micronaut\micronaut-jackson-core\4.5.4\micronaut-jackson-core-4.5.4.jar;C:\Users\ravik\.m2\repository\com\fasterxml\jackson\core\jackson-core\2.17.2\jackson-core-2.17.2.jar;C:\Users\ravik\.m2\repository\com\fasterxml\jackson\core\jackson-annotations\2.17.2\jackson-annotations-2.17.2.jar;C:\Users\ravik\.m2\repository\io\micronaut\micronaut-context\4.5.4\micronaut-context-4.5.4.jar;C:\Users\ravik\.m2\repository\io\micronaut\serde\micronaut-serde-api\2.10.2\micronaut-serde-api-2.10.2.jar;C:\Users\ravik\.m2\repository\io\micronaut\serde\micronaut-serde-support\2.10.2\micronaut-serde-support-2.10.2.jar;C:\Users\ravik\.m2\repository\ch\qos\logback\logback-classic\1.5.3\logback-classic-1.5.3.jar;C:\Users\ravik\.m2\repository\ch\qos\logback\logback-core\1.5.3\logback-core-1.5.3.jar;C:\Users\ravik\.m2\repository\io\micronaut\micronaut-http-client\4.5.4\micronaut-http-client-4.5.4.jar;C:\Users\ravik\.m2\repository\io\micronaut\micronaut-http-client-core\4.5.4\micronaut-http-client-core-4.5.4.jar;C:\Users\ravik\.m2\repository\io\micronaut\micronaut-websocket\4.5.4\micronaut-websocket-4.5.4.jar;C:\Users\ravik\.m2\repository\io\netty\netty-handler-proxy\4.1.111.Final\netty-handler-proxy-4.1.111.Final.jar;C:\Users\ravik\.m2\repository\io\netty\netty-codec-socks\4.1.111.Final\netty-codec-socks-4.1.111.Final.jar;C:\Users\ravik\.m2\repository\io\micronaut\test\micronaut-test-junit5\4.4.0\micronaut-test-junit5-4.4.0.jar;C:\Users\ravik\.m2\repository\io\micronaut\test\micronaut-test-core\4.4.0\micronaut-test-core-4.4.0.jar;C:\Users\ravik\.m2\repository\org\junit\jupiter\junit-jupiter-api\5.10.3\junit-jupiter-api-5.10.3.jar;C:\Users\ravik\.m2\repository\org\opentest4j\opentest4j\1.3.0\opentest4j-1.3.0.jar;C:\Users\ravik\.m2\repository\org\junit\platform\junit-platform-commons\1.10.3\junit-platform-commons-1.10.3.jar;C:\Users\ravik\.m2\repository\org\apiguardian\apiguardian-api\1.1.2\apiguardian-api-1.1.2.jar;C:\Users\ravik\.m2\repository\org\junit\jupiter\junit-jupiter-engine\5.10.3\junit-jupiter-engine-5.10.3.jar;C:\Users\ravik\.m2\repository\org\junit\platform\junit-platform-engine\1.10.3\junit-platform-engine-1.10.3.jar;C:\Users\ravik\.m2\repository\io\micronaut\kafka\micronaut-kafka\5.5.0\micronaut-kafka-5.5.0.jar;C:\Users\ravik\.m2\repository\io\micronaut\micronaut-messaging\4.5.4\micronaut-messaging-4.5.4.jar;C:\Users\ravik\.m2\repository\io\micronaut\micronaut-json-core\4.5.4\micronaut-json-core-4.5.4.jar;C:\Users\ravik\.m2\repository\org\apache\kafka\kafka-clients\3.7.0\kafka-clients-3.7.0.jar;C:\Users\ravik\.m2\repository\com\github\luben\zstd-jni\1.5.5-6\zstd-jni-1.5.5-6.jar;C:\Users\ravik\.m2\repository\org\lz4\lz4-java\1.8.0\lz4-java-1.8.0.jar;C:\Users\ravik\.m2\repository\org\xerial\snappy\snappy-java\1.1.10.5\snappy-java-1.1.10.5.jar;C:\Users\ravik\.m2\repository\jakarta\persistence\jakarta.persistence-api\3.1.0\jakarta.persistence-api-3.1.0.jar;C:\Users\ravik\.m2\repository\org\projectlombok\lombok\1.18.34\lombok-1.18.34.jar;C:\Users\ravik\.m2\repository\io\micronaut\data\micronaut-data-model\4.8.4\micronaut-data-model-4.8.4.jar;C:\Users\ravik\.m2\repository\io\micronaut\micronaut-aop\4.5.4\micronaut-aop-4.5.4.jar;C:\Users\ravik\.m2\repository\io\micronaut\micronaut-core-reactive\4.5.4\micronaut-core-reactive-4.5.4.jar;C:\Users\ravik\.m2\repository\io\micronaut\micrometer\micronaut-micrometer-core\5.7.1\micronaut-micrometer-core-5.7.1.jar;C:\Users\ravik\.m2\repository\io\micrometer\micrometer-core\1.12.6\micrometer-core-1.12.6.jar;C:\Users\ravik\.m2\repository\io\micrometer\micrometer-commons\1.12.6\micrometer-commons-1.12.6.jar;C:\Users\ravik\.m2\repository\io\micrometer\micrometer-observation\1.12.6\micrometer-observation-1.12.6.jar;C:\Users\ravik\.m2\repository\org\hdrhistogram\HdrHistogram\2.1.12\HdrHistogram-2.1.12.jar;C:\Users\ravik\.m2\repository\org\latencyutils\LatencyUtils\2.0.3\LatencyUtils-2.0.3.jar;C:\Users\ravik\.m2\repository\io\micronaut\micrometer\micronaut-micrometer-registry-prometheus\5.7.1\micronaut-micrometer-registry-prometheus-5.7.1.jar;C:\Users\ravik\.m2\repository\io\micrometer\micrometer-registry-prometheus\1.12.6\micrometer-registry-prometheus-1.12.6.jar;C:\Users\ravik\.m2\repository\io\prometheus\simpleclient_common\0.16.0\simpleclient_common-0.16.0.jar;C:\Users\ravik\.m2\repository\io\prometheus\simpleclient\0.16.0\simpleclient-0.16.0.jar;C:\Users\ravik\.m2\repository\io\prometheus\simpleclient_tracer_otel\0.16.0\simpleclient_tracer_otel-0.16.0.jar;C:\Users\ravik\.m2\repository\io\prometheus\simpleclient_tracer_common\0.16.0\simpleclient_tracer_common-0.16.0.jar;C:\Users\ravik\.m2\repository\io\prometheus\simpleclient_tracer_otel_agent\0.16.0\simpleclient_tracer_otel_agent-0.16.0.jar;C:\Users\ravik\.m2\repository\io\micronaut\micronaut-management\4.5.4\micronaut-management-4.5.4.jar;C:\Users\ravik\.m2\repository\io\micronaut\micronaut-router\4.5.4\micronaut-router-4.5.4.jar;C:\Users\ravik\.m2\repository\io\micronaut\micronaut-discovery-core\4.5.4\micronaut-discovery-core-4.5.4.jar;"/>
    <property name="sun.cpu.endian" value="little"/>
    <property name="user.home" value="C:\Users\ravik"/>
    <property name="user.language" value="pt"/>
    <property name="java.specification.vendor" value="Oracle Corporation"/>
    <property name="io.netty.allocator.maxOrder" value="3"/>
    <property name="java.version.date" value="2024-07-16"/>
    <property name="java.home" value="C:\Users\ravik\.jdks\corretto-21.0.4"/>
    <property name="file.separator" value="\"/>
    <property name="basedir" value="C:\Users\ravik\Desktop\ProjectTCC\orchestrator-service"/>
    <property name="java.vm.compressedOopsMode" value="Zero based"/>
    <property name="line.separator" value="&#10;"/>
    <property name="java.vm.specification.vendor" value="Oracle Corporation"/>
    <property name="java.specification.name" value="Java Platform API Specification"/>
    <property name="surefire.real.class.path" value="C:\Users\ravik\AppData\Local\Temp\surefire4658656424125594301\surefirebooter-20241030143114428_3.jar"/>
    <property name="user.script" value=""/>
    <property name="sun.management.compiler" value="HotSpot 64-Bit Tiered Compilers"/>
    <property name="java.runtime.version" value="21.0.4+7-LTS"/>
    <property name="user.name" value="Ravik"/>
    <property name="stdout.encoding" value="Cp1252"/>
    <property name="path.separator" value=";"/>
    <property name="os.version" value="10.0"/>
    <property name="java.runtime.name" value="OpenJDK Runtime Environment"/>
    <property name="file.encoding" value="UTF-8"/>
    <property name="java.vm.name" value="OpenJDK 64-Bit Server VM"/>
    <property name="java.vendor.version" value="Corretto-21.0.4.7.1"/>
    <property name="localRepository" value="C:\Users\ravik\.m2\repository"/>
    <property name="micronaut.classloader.logging" value="true"/>
    <property name="java.vendor.url.bug" value="https://github.com/corretto/corretto-21/issues/"/>
    <property name="java.io.tmpdir" value="C:\Users\ravik\AppData\Local\Temp\"/>
    <property name="idea.version" value="2023.1.5"/>
    <property name="java.version" value="21.0.4"/>
    <property name="user.dir" value="C:\Users\ravik\Desktop\ProjectTCC\orchestrator-service"/>
    <property name="os.arch" value="amd64"/>
    <property name="java.vm.specification.name" value="Java Virtual Machine Specification"/>
    <property name="sun.os.patch.level" value=""/>
    <property name="native.encoding" value="Cp1252"/>
    <property name="java.library.path" value="C:\Users\ravik\.jdks\corretto-21.0.4\bin;C:\Windows\Sun\Java\bin;C:\Windows\system32;C:\Windows;C:\Program Files (x86)\Common Files\Oracle\Java\javapath;C:\Python311\Scripts\;C:\Python311\;C:\Windows\system32;C:\Windows;C:\Windows\System32\Wbem;C:\Windows\System32\WindowsPowerShell\v1.0\;C:\Windows\System32\OpenSSH\;C:\Program Files\Git\cmd;C:\ProgramData\chocolatey\bin;;C:\Program Files (x86)\NVIDIA Corporation\PhysX\Common;C:\Program Files\nodejs\;C:\Program Files\dotnet\;C:\Program Files\NVIDIA Corporation\NVIDIA app\NvDLISR;C:\Program Files\Docker\Docker\resources\bin;C:\Users\ravik\AppData\Local\Microsoft\WindowsApps;;C:\Users\ravik\AppData\Local\Programs\Microsoft VS Code\bin;C:\Users\ravik\AppData\Roaming\npm;C:\Users\ravik\.dotnet\tools;."/>
    <property name="java.vm.info" value="mixed mode, sharing"/>
    <property name="stderr.encoding" value="Cp1252"/>
    <property name="java.vendor" value="Amazon.com Inc."/>
    <property name="java.vm.version" value="21.0.4+7-LTS"/>
    <property name="sun.io.unicode.encoding" value="UnicodeLittle"/>
    <property name="java.class.version" value="65.0"/>
  </properties>
  <testcase name="testItWorks" classname="com.orchestrator.OrchestratorServiceTest" time="0.026">
    <system-out><![CDATA[&amp#27;[36m14:31:17.133&amp#27;[0;39m &amp#27;[1;30m[main]&amp#27;[0;39m &amp#27;[34mINFO &amp#27;[0;39m &amp#27;[35mi.m.c.DefaultApplicationContext$RuntimeConfiguredEnvironment&amp#27;[0;39m - Established active environments: [test]
&amp#27;[36m14:31:17.440&amp#27;[0;39m &amp#27;[1;30m[main]&amp#27;[0;39m &amp#27;[34mINFO &amp#27;[0;39m &amp#27;[35mi.m.l.PropertiesLoggingLevelsConfigurer&amp#27;[0;39m - Setting log level 'OFF' for logger: 'org.apache.kafka'
&amp#27;[36m14:31:17.956&amp#27;[0;39m &amp#27;[1;30m[main]&amp#27;[0;39m &amp#27;[34mINFO &amp#27;[0;39m &amp#27;[35mi.m.c.kafka.admin.KafkaNewTopics&amp#27;[0;39m - Creating new topics: [(name=finish-fail, numPartitions=1, replicationFactor=1, replicasAssignments=null, configs=null), (name=finish-fail, numPartitions=1, replicationFactor=1, replicasAssignments=null, configs=null), (name=orchestrator, numPartitions=1, replicationFactor=1, replicasAssignments=null, configs=null), (name=start, numPartitions=1, replicationFactor=1, replicasAssignments=null, configs=null), (name=finish-success, numPartitions=1, replicationFactor=1, replicasAssignments=null, configs=null), (name=finish-success, numPartitions=1, replicationFactor=1, replicasAssignments=null, configs=null)]
&amp#27;[36m14:31:18.902&amp#27;[0;39m &amp#27;[1;30m[main]&amp#27;[0;39m &amp#27;[34mINFO &amp#27;[0;39m &amp#27;[35mi.m.c.k.p.KafkaConsumerProcessor&amp#27;[0;39m - Kafka listener [Consumer#consumerStartEvent] subscribed to topics: [start]
&amp#27;[36m14:31:18.949&amp#27;[0;39m &amp#27;[1;30m[pool-2-thread-1]&amp#27;[0;39m &amp#27;[34mINFO &amp#27;[0;39m &amp#27;[35mi.m.c.k.p.KafkaConsumerProcessor&amp#27;[0;39m - Consumer [orchestrator-service-consumer] assignments changed: null -> []
&amp#27;[36m14:31:19.030&amp#27;[0;39m &amp#27;[1;30m[main]&amp#27;[0;39m &amp#27;[34mINFO &amp#27;[0;39m &amp#27;[35mi.m.c.k.p.KafkaConsumerProcessor&amp#27;[0;39m - Kafka listener [Consumer#consumerOrchestratorEvent] subscribed to topics: [orchestrator]
&amp#27;[36m14:31:19.032&amp#27;[0;39m &amp#27;[1;30m[pool-2-thread-2]&amp#27;[0;39m &amp#27;[34mINFO &amp#27;[0;39m &amp#27;[35mi.m.c.k.p.KafkaConsumerProcessor&amp#27;[0;39m - Consumer [orchestrator-service-consumer-11] assignments changed: null -> []
&amp#27;[36m14:31:19.087&amp#27;[0;39m &amp#27;[1;30m[main]&amp#27;[0;39m &amp#27;[34mINFO &amp#27;[0;39m &amp#27;[35mi.m.c.k.p.KafkaConsumerProcessor&amp#27;[0;39m - Kafka listener [Consumer#consumerFinishSuccessEvent] subscribed to topics: [finish-success]
&amp#27;[36m14:31:19.092&amp#27;[0;39m &amp#27;[1;30m[pool-2-thread-3]&amp#27;[0;39m &amp#27;[34mINFO &amp#27;[0;39m &amp#27;[35mi.m.c.k.p.KafkaConsumerProcessor&amp#27;[0;39m - Consumer [orchestrator-service-consumer-12] assignments changed: null -> []
&amp#27;[36m14:31:19.139&amp#27;[0;39m &amp#27;[1;30m[main]&amp#27;[0;39m &amp#27;[34mINFO &amp#27;[0;39m &amp#27;[35mi.m.c.k.p.KafkaConsumerProcessor&amp#27;[0;39m - Kafka listener [Consumer#consumerFinishFailEvent] subscribed to topics: [finish-fail]
&amp#27;[36m14:31:19.141&amp#27;[0;39m &amp#27;[1;30m[pool-2-thread-4]&amp#27;[0;39m &amp#27;[34mINFO &amp#27;[0;39m &amp#27;[35mi.m.c.k.p.KafkaConsumerProcessor&amp#27;[0;39m - Consumer [orchestrator-service-consumer-13] assignments changed: null -> []
]]></system-out>
  </testcase>
</testsuite>