<?xml version="1.0" encoding="UTF-8"?>
<testsuite xmlns:xsi="http://www.w3.org/2001/XMLSchema-instance" xsi:noNamespaceSchemaLocation="https://maven.apache.org/surefire/maven-surefire-plugin/xsd/surefire-test-report.xsd" version="3.0.2" name="com.servicesdois.ServicesDoisTest" time="68.327" tests="1" errors="0" skipped="0" failures="0">
  <properties>
    <property name="java.specification.version" value="21"/>
    <property name="sun.cpu.isalist" value="amd64"/>
    <property name="sun.jnu.encoding" value="Cp1252"/>
    <property name="java.class.path" value="C:\Users\jose.moraes\Desktop\ProjectTCC\services-dois\target\test-classes;C:\Users\jose.moraes\Desktop\ProjectTCC\services-dois\target\classes;C:\Users\jose.moraes\.m2\repository\io\micronaut\micronaut-http-server-netty\4.5.4\micronaut-http-server-netty-4.5.4.jar;C:\Users\jose.moraes\.m2\repository\org\slf4j\slf4j-api\2.0.12\slf4j-api-2.0.12.jar;C:\Users\jose.moraes\.m2\repository\io\micronaut\micronaut-http-server\4.5.4\micronaut-http-server-4.5.4.jar;C:\Users\jose.moraes\.m2\repository\io\micronaut\micronaut-http\4.5.4\micronaut-http-4.5.4.jar;C:\Users\jose.moraes\.m2\repository\io\micronaut\micronaut-core\4.5.4\micronaut-core-4.5.4.jar;C:\Users\jose.moraes\.m2\repository\io\micronaut\micronaut-http-netty\4.5.4\micronaut-http-netty-4.5.4.jar;C:\Users\jose.moraes\.m2\repository\io\micronaut\micronaut-buffer-netty\4.5.4\micronaut-buffer-netty-4.5.4.jar;C:\Users\jose.moraes\.m2\repository\io\netty\netty-codec-http2\4.1.111.Final\netty-codec-http2-4.1.111.Final.jar;C:\Users\jose.moraes\.m2\repository\io\netty\netty-handler\4.1.111.Final\netty-handler-4.1.111.Final.jar;C:\Users\jose.moraes\.m2\repository\io\netty\netty-resolver\4.1.111.Final\netty-resolver-4.1.111.Final.jar;C:\Users\jose.moraes\.m2\repository\io\netty\netty-transport-native-unix-common\4.1.111.Final\netty-transport-native-unix-common-4.1.111.Final.jar;C:\Users\jose.moraes\.m2\repository\io\netty\netty-codec-http\4.1.111.Final\netty-codec-http-4.1.111.Final.jar;C:\Users\jose.moraes\.m2\repository\io\netty\netty-common\4.1.111.Final\netty-common-4.1.111.Final.jar;C:\Users\jose.moraes\.m2\repository\io\netty\netty-buffer\4.1.111.Final\netty-buffer-4.1.111.Final.jar;C:\Users\jose.moraes\.m2\repository\io\netty\netty-transport\4.1.111.Final\netty-transport-4.1.111.Final.jar;C:\Users\jose.moraes\.m2\repository\io\netty\netty-codec\4.1.111.Final\netty-codec-4.1.111.Final.jar;C:\Users\jose.moraes\.m2\repository\io\projectreactor\reactor-core\3.5.11\reactor-core-3.5.11.jar;C:\Users\jose.moraes\.m2\repository\org\reactivestreams\reactive-streams\1.0.4\reactive-streams-1.0.4.jar;C:\Users\jose.moraes\.m2\repository\io\micronaut\serde\micronaut-serde-jackson\2.10.2\micronaut-serde-jackson-2.10.2.jar;C:\Users\jose.moraes\.m2\repository\io\micronaut\micronaut-inject\4.5.4\micronaut-inject-4.5.4.jar;C:\Users\jose.moraes\.m2\repository\jakarta\inject\jakarta.inject-api\2.0.1\jakarta.inject-api-2.0.1.jar;C:\Users\jose.moraes\.m2\repository\jakarta\annotation\jakarta.annotation-api\2.1.1\jakarta.annotation-api-2.1.1.jar;C:\Users\jose.moraes\.m2\repository\io\micronaut\micronaut-jackson-core\4.5.4\micronaut-jackson-core-4.5.4.jar;C:\Users\jose.moraes\.m2\repository\com\fasterxml\jackson\core\jackson-core\2.17.2\jackson-core-2.17.2.jar;C:\Users\jose.moraes\.m2\repository\com\fasterxml\jackson\core\jackson-annotations\2.17.2\jackson-annotations-2.17.2.jar;C:\Users\jose.moraes\.m2\repository\io\micronaut\micronaut-context\4.5.4\micronaut-context-4.5.4.jar;C:\Users\jose.moraes\.m2\repository\io\micronaut\serde\micronaut-serde-api\2.10.2\micronaut-serde-api-2.10.2.jar;C:\Users\jose.moraes\.m2\repository\io\micronaut\serde\micronaut-serde-support\2.10.2\micronaut-serde-support-2.10.2.jar;C:\Users\jose.moraes\.m2\repository\ch\qos\logback\logback-classic\1.5.3\logback-classic-1.5.3.jar;C:\Users\jose.moraes\.m2\repository\ch\qos\logback\logback-core\1.5.3\logback-core-1.5.3.jar;C:\Users\jose.moraes\.m2\repository\io\micronaut\micronaut-http-client\4.5.4\micronaut-http-client-4.5.4.jar;C:\Users\jose.moraes\.m2\repository\io\micronaut\micronaut-http-client-core\4.5.4\micronaut-http-client-core-4.5.4.jar;C:\Users\jose.moraes\.m2\repository\io\micronaut\micronaut-websocket\4.5.4\micronaut-websocket-4.5.4.jar;C:\Users\jose.moraes\.m2\repository\io\netty\netty-handler-proxy\4.1.111.Final\netty-handler-proxy-4.1.111.Final.jar;C:\Users\jose.moraes\.m2\repository\io\netty\netty-codec-socks\4.1.111.Final\netty-codec-socks-4.1.111.Final.jar;C:\Users\jose.moraes\.m2\repository\io\micronaut\test\micronaut-test-junit5\4.4.0\micronaut-test-junit5-4.4.0.jar;C:\Users\jose.moraes\.m2\repository\io\micronaut\test\micronaut-test-core\4.4.0\micronaut-test-core-4.4.0.jar;C:\Users\jose.moraes\.m2\repository\org\junit\jupiter\junit-jupiter-api\5.10.3\junit-jupiter-api-5.10.3.jar;C:\Users\jose.moraes\.m2\repository\org\opentest4j\opentest4j\1.3.0\opentest4j-1.3.0.jar;C:\Users\jose.moraes\.m2\repository\org\junit\platform\junit-platform-commons\1.10.3\junit-platform-commons-1.10.3.jar;C:\Users\jose.moraes\.m2\repository\org\apiguardian\apiguardian-api\1.1.2\apiguardian-api-1.1.2.jar;C:\Users\jose.moraes\.m2\repository\org\junit\jupiter\junit-jupiter-engine\5.10.3\junit-jupiter-engine-5.10.3.jar;C:\Users\jose.moraes\.m2\repository\org\junit\platform\junit-platform-engine\1.10.3\junit-platform-engine-1.10.3.jar;C:\Users\jose.moraes\.m2\repository\io\micronaut\kafka\micronaut-kafka\5.5.0\micronaut-kafka-5.5.0.jar;C:\Users\jose.moraes\.m2\repository\io\micronaut\micronaut-messaging\4.5.4\micronaut-messaging-4.5.4.jar;C:\Users\jose.moraes\.m2\repository\io\micronaut\micronaut-json-core\4.5.4\micronaut-json-core-4.5.4.jar;C:\Users\jose.moraes\.m2\repository\org\apache\kafka\kafka-clients\3.7.0\kafka-clients-3.7.0.jar;C:\Users\jose.moraes\.m2\repository\com\github\luben\zstd-jni\1.5.5-6\zstd-jni-1.5.5-6.jar;C:\Users\jose.moraes\.m2\repository\org\lz4\lz4-java\1.8.0\lz4-java-1.8.0.jar;C:\Users\jose.moraes\.m2\repository\org\xerial\snappy\snappy-java\1.1.10.5\snappy-java-1.1.10.5.jar;C:\Users\jose.moraes\.m2\repository\org\projectlombok\lombok\1.18.34\lombok-1.18.34.jar;C:\Users\jose.moraes\.m2\repository\io\micronaut\data\micronaut-data-model\4.8.4\micronaut-data-model-4.8.4.jar;C:\Users\jose.moraes\.m2\repository\io\micronaut\micronaut-aop\4.5.4\micronaut-aop-4.5.4.jar;C:\Users\jose.moraes\.m2\repository\io\micronaut\micronaut-core-reactive\4.5.4\micronaut-core-reactive-4.5.4.jar;C:\Users\jose.moraes\.m2\repository\io\micronaut\data\micronaut-data-mongodb\4.8.4\micronaut-data-mongodb-4.8.4.jar;C:\Users\jose.moraes\.m2\repository\io\micronaut\data\micronaut-data-runtime\4.8.4\micronaut-data-runtime-4.8.4.jar;C:\Users\jose.moraes\.m2\repository\io\micronaut\data\micronaut-data-tx\4.8.4\micronaut-data-tx-4.8.4.jar;C:\Users\jose.moraes\.m2\repository\jakarta\transaction\jakarta.transaction-api\2.0.1\jakarta.transaction-api-2.0.1.jar;C:\Users\jose.moraes\.m2\repository\io\micronaut\data\micronaut-data-document-model\4.8.4\micronaut-data-document-model-4.8.4.jar;C:\Users\jose.moraes\.m2\repository\io\micronaut\data\micronaut-data-connection\4.8.4\micronaut-data-connection-4.8.4.jar;C:\Users\jose.moraes\.m2\repository\io\micronaut\micronaut-context-propagation\4.5.4\micronaut-context-propagation-4.5.4.jar;C:\Users\jose.moraes\.m2\repository\io\micronaut\serde\micronaut-serde-bson\2.10.2\micronaut-serde-bson-2.10.2.jar;C:\Users\jose.moraes\.m2\repository\io\micronaut\mongodb\micronaut-mongo-reactive\5.3.0\micronaut-mongo-reactive-5.3.0.jar;C:\Users\jose.moraes\.m2\repository\io\micronaut\mongodb\micronaut-mongo-core\5.3.0\micronaut-mongo-core-5.3.0.jar;C:\Users\jose.moraes\.m2\repository\io\micronaut\validation\micronaut-validation\4.6.1\micronaut-validation-4.6.1.jar;C:\Users\jose.moraes\.m2\repository\jakarta\validation\jakarta.validation-api\3.1.0\jakarta.validation-api-3.1.0.jar;C:\Users\jose.moraes\.m2\repository\io\micronaut\reactor\micronaut-reactor\3.4.1\micronaut-reactor-3.4.1.jar;C:\Users\jose.moraes\.m2\repository\io\micronaut\mongodb\micronaut-mongo-sync\5.3.0\micronaut-mongo-sync-5.3.0.jar;C:\Users\jose.moraes\.m2\repository\org\mongodb\mongodb-driver-sync\4.11.1\mongodb-driver-sync-4.11.1.jar;C:\Users\jose.moraes\.m2\repository\org\mongodb\bson\4.11.2\bson-4.11.2.jar;C:\Users\jose.moraes\.m2\repository\org\mongodb\mongodb-driver-core\4.11.1\mongodb-driver-core-4.11.1.jar;C:\Users\jose.moraes\.m2\repository\org\mongodb\bson-record-codec\4.11.1\bson-record-codec-4.11.1.jar;C:\Users\jose.moraes\.m2\repository\io\micronaut\micrometer\micronaut-micrometer-core\5.7.1\micronaut-micrometer-core-5.7.1.jar;C:\Users\jose.moraes\.m2\repository\io\micrometer\micrometer-core\1.12.6\micrometer-core-1.12.6.jar;C:\Users\jose.moraes\.m2\repository\io\micrometer\micrometer-commons\1.12.6\micrometer-commons-1.12.6.jar;C:\Users\jose.moraes\.m2\repository\io\micrometer\micrometer-observation\1.12.6\micrometer-observation-1.12.6.jar;C:\Users\jose.moraes\.m2\repository\org\hdrhistogram\HdrHistogram\2.1.12\HdrHistogram-2.1.12.jar;C:\Users\jose.moraes\.m2\repository\org\latencyutils\LatencyUtils\2.0.3\LatencyUtils-2.0.3.jar;C:\Users\jose.moraes\.m2\repository\io\micronaut\micrometer\micronaut-micrometer-registry-prometheus\5.7.1\micronaut-micrometer-registry-prometheus-5.7.1.jar;C:\Users\jose.moraes\.m2\repository\io\micrometer\micrometer-registry-prometheus\1.12.6\micrometer-registry-prometheus-1.12.6.jar;C:\Users\jose.moraes\.m2\repository\io\prometheus\simpleclient_common\0.16.0\simpleclient_common-0.16.0.jar;C:\Users\jose.moraes\.m2\repository\io\prometheus\simpleclient\0.16.0\simpleclient-0.16.0.jar;C:\Users\jose.moraes\.m2\repository\io\prometheus\simpleclient_tracer_otel\0.16.0\simpleclient_tracer_otel-0.16.0.jar;C:\Users\jose.moraes\.m2\repository\io\prometheus\simpleclient_tracer_common\0.16.0\simpleclient_tracer_common-0.16.0.jar;C:\Users\jose.moraes\.m2\repository\io\prometheus\simpleclient_tracer_otel_agent\0.16.0\simpleclient_tracer_otel_agent-0.16.0.jar;C:\Users\jose.moraes\.m2\repository\io\micronaut\micronaut-management\4.5.4\micronaut-management-4.5.4.jar;C:\Users\jose.moraes\.m2\repository\io\micronaut\micronaut-router\4.5.4\micronaut-router-4.5.4.jar;C:\Users\jose.moraes\.m2\repository\io\micronaut\micronaut-discovery-core\4.5.4\micronaut-discovery-core-4.5.4.jar;"/>
    <property name="java.vm.vendor" value="Oracle Corporation"/>
    <property name="sun.arch.data.model" value="64"/>
    <property name="user.variant" value=""/>
    <property name="java.vendor.url" value="https://java.oracle.com/"/>
    <property name="user.timezone" value="GMT-03:00"/>
    <property name="os.name" value="Windows 10"/>
    <property name="java.vm.specification.version" value="21"/>
    <property name="sun.java.launcher" value="SUN_STANDARD"/>
    <property name="user.country" value="BR"/>
    <property name="sun.boot.library.path" value="C:\Program Files\Java\jdk-21\bin"/>
    <property name="sun.java.command" value="C:\Users\jose.moraes\AppData\Local\Temp\surefire5120093824182335229\surefirebooter-20240930124313437_3.jar C:\Users\jose.moraes\AppData\Local\Temp\surefire5120093824182335229 2024-09-30T12-43-12_323-jvmRun1 surefire-20240930124313437_1tmp surefire_0-20240930124313437_2tmp"/>
    <property name="jdk.debug" value="release"/>
    <property name="surefire.test.class.path" value="C:\Users\jose.moraes\Desktop\ProjectTCC\services-dois\target\test-classes;C:\Users\jose.moraes\Desktop\ProjectTCC\services-dois\target\classes;C:\Users\jose.moraes\.m2\repository\io\micronaut\micronaut-http-server-netty\4.5.4\micronaut-http-server-netty-4.5.4.jar;C:\Users\jose.moraes\.m2\repository\org\slf4j\slf4j-api\2.0.12\slf4j-api-2.0.12.jar;C:\Users\jose.moraes\.m2\repository\io\micronaut\micronaut-http-server\4.5.4\micronaut-http-server-4.5.4.jar;C:\Users\jose.moraes\.m2\repository\io\micronaut\micronaut-http\4.5.4\micronaut-http-4.5.4.jar;C:\Users\jose.moraes\.m2\repository\io\micronaut\micronaut-core\4.5.4\micronaut-core-4.5.4.jar;C:\Users\jose.moraes\.m2\repository\io\micronaut\micronaut-http-netty\4.5.4\micronaut-http-netty-4.5.4.jar;C:\Users\jose.moraes\.m2\repository\io\micronaut\micronaut-buffer-netty\4.5.4\micronaut-buffer-netty-4.5.4.jar;C:\Users\jose.moraes\.m2\repository\io\netty\netty-codec-http2\4.1.111.Final\netty-codec-http2-4.1.111.Final.jar;C:\Users\jose.moraes\.m2\repository\io\netty\netty-handler\4.1.111.Final\netty-handler-4.1.111.Final.jar;C:\Users\jose.moraes\.m2\repository\io\netty\netty-resolver\4.1.111.Final\netty-resolver-4.1.111.Final.jar;C:\Users\jose.moraes\.m2\repository\io\netty\netty-transport-native-unix-common\4.1.111.Final\netty-transport-native-unix-common-4.1.111.Final.jar;C:\Users\jose.moraes\.m2\repository\io\netty\netty-codec-http\4.1.111.Final\netty-codec-http-4.1.111.Final.jar;C:\Users\jose.moraes\.m2\repository\io\netty\netty-common\4.1.111.Final\netty-common-4.1.111.Final.jar;C:\Users\jose.moraes\.m2\repository\io\netty\netty-buffer\4.1.111.Final\netty-buffer-4.1.111.Final.jar;C:\Users\jose.moraes\.m2\repository\io\netty\netty-transport\4.1.111.Final\netty-transport-4.1.111.Final.jar;C:\Users\jose.moraes\.m2\repository\io\netty\netty-codec\4.1.111.Final\netty-codec-4.1.111.Final.jar;C:\Users\jose.moraes\.m2\repository\io\projectreactor\reactor-core\3.5.11\reactor-core-3.5.11.jar;C:\Users\jose.moraes\.m2\repository\org\reactivestreams\reactive-streams\1.0.4\reactive-streams-1.0.4.jar;C:\Users\jose.moraes\.m2\repository\io\micronaut\serde\micronaut-serde-jackson\2.10.2\micronaut-serde-jackson-2.10.2.jar;C:\Users\jose.moraes\.m2\repository\io\micronaut\micronaut-inject\4.5.4\micronaut-inject-4.5.4.jar;C:\Users\jose.moraes\.m2\repository\jakarta\inject\jakarta.inject-api\2.0.1\jakarta.inject-api-2.0.1.jar;C:\Users\jose.moraes\.m2\repository\jakarta\annotation\jakarta.annotation-api\2.1.1\jakarta.annotation-api-2.1.1.jar;C:\Users\jose.moraes\.m2\repository\io\micronaut\micronaut-jackson-core\4.5.4\micronaut-jackson-core-4.5.4.jar;C:\Users\jose.moraes\.m2\repository\com\fasterxml\jackson\core\jackson-core\2.17.2\jackson-core-2.17.2.jar;C:\Users\jose.moraes\.m2\repository\com\fasterxml\jackson\core\jackson-annotations\2.17.2\jackson-annotations-2.17.2.jar;C:\Users\jose.moraes\.m2\repository\io\micronaut\micronaut-context\4.5.4\micronaut-context-4.5.4.jar;C:\Users\jose.moraes\.m2\repository\io\micronaut\serde\micronaut-serde-api\2.10.2\micronaut-serde-api-2.10.2.jar;C:\Users\jose.moraes\.m2\repository\io\micronaut\serde\micronaut-serde-support\2.10.2\micronaut-serde-support-2.10.2.jar;C:\Users\jose.moraes\.m2\repository\ch\qos\logback\logback-classic\1.5.3\logback-classic-1.5.3.jar;C:\Users\jose.moraes\.m2\repository\ch\qos\logback\logback-core\1.5.3\logback-core-1.5.3.jar;C:\Users\jose.moraes\.m2\repository\io\micronaut\micronaut-http-client\4.5.4\micronaut-http-client-4.5.4.jar;C:\Users\jose.moraes\.m2\repository\io\micronaut\micronaut-http-client-core\4.5.4\micronaut-http-client-core-4.5.4.jar;C:\Users\jose.moraes\.m2\repository\io\micronaut\micronaut-websocket\4.5.4\micronaut-websocket-4.5.4.jar;C:\Users\jose.moraes\.m2\repository\io\netty\netty-handler-proxy\4.1.111.Final\netty-handler-proxy-4.1.111.Final.jar;C:\Users\jose.moraes\.m2\repository\io\netty\netty-codec-socks\4.1.111.Final\netty-codec-socks-4.1.111.Final.jar;C:\Users\jose.moraes\.m2\repository\io\micronaut\test\micronaut-test-junit5\4.4.0\micronaut-test-junit5-4.4.0.jar;C:\Users\jose.moraes\.m2\repository\io\micronaut\test\micronaut-test-core\4.4.0\micronaut-test-core-4.4.0.jar;C:\Users\jose.moraes\.m2\repository\org\junit\jupiter\junit-jupiter-api\5.10.3\junit-jupiter-api-5.10.3.jar;C:\Users\jose.moraes\.m2\repository\org\opentest4j\opentest4j\1.3.0\opentest4j-1.3.0.jar;C:\Users\jose.moraes\.m2\repository\org\junit\platform\junit-platform-commons\1.10.3\junit-platform-commons-1.10.3.jar;C:\Users\jose.moraes\.m2\repository\org\apiguardian\apiguardian-api\1.1.2\apiguardian-api-1.1.2.jar;C:\Users\jose.moraes\.m2\repository\org\junit\jupiter\junit-jupiter-engine\5.10.3\junit-jupiter-engine-5.10.3.jar;C:\Users\jose.moraes\.m2\repository\org\junit\platform\junit-platform-engine\1.10.3\junit-platform-engine-1.10.3.jar;C:\Users\jose.moraes\.m2\repository\io\micronaut\kafka\micronaut-kafka\5.5.0\micronaut-kafka-5.5.0.jar;C:\Users\jose.moraes\.m2\repository\io\micronaut\micronaut-messaging\4.5.4\micronaut-messaging-4.5.4.jar;C:\Users\jose.moraes\.m2\repository\io\micronaut\micronaut-json-core\4.5.4\micronaut-json-core-4.5.4.jar;C:\Users\jose.moraes\.m2\repository\org\apache\kafka\kafka-clients\3.7.0\kafka-clients-3.7.0.jar;C:\Users\jose.moraes\.m2\repository\com\github\luben\zstd-jni\1.5.5-6\zstd-jni-1.5.5-6.jar;C:\Users\jose.moraes\.m2\repository\org\lz4\lz4-java\1.8.0\lz4-java-1.8.0.jar;C:\Users\jose.moraes\.m2\repository\org\xerial\snappy\snappy-java\1.1.10.5\snappy-java-1.1.10.5.jar;C:\Users\jose.moraes\.m2\repository\org\projectlombok\lombok\1.18.34\lombok-1.18.34.jar;C:\Users\jose.moraes\.m2\repository\io\micronaut\data\micronaut-data-model\4.8.4\micronaut-data-model-4.8.4.jar;C:\Users\jose.moraes\.m2\repository\io\micronaut\micronaut-aop\4.5.4\micronaut-aop-4.5.4.jar;C:\Users\jose.moraes\.m2\repository\io\micronaut\micronaut-core-reactive\4.5.4\micronaut-core-reactive-4.5.4.jar;C:\Users\jose.moraes\.m2\repository\io\micronaut\data\micronaut-data-mongodb\4.8.4\micronaut-data-mongodb-4.8.4.jar;C:\Users\jose.moraes\.m2\repository\io\micronaut\data\micronaut-data-runtime\4.8.4\micronaut-data-runtime-4.8.4.jar;C:\Users\jose.moraes\.m2\repository\io\micronaut\data\micronaut-data-tx\4.8.4\micronaut-data-tx-4.8.4.jar;C:\Users\jose.moraes\.m2\repository\jakarta\transaction\jakarta.transaction-api\2.0.1\jakarta.transaction-api-2.0.1.jar;C:\Users\jose.moraes\.m2\repository\io\micronaut\data\micronaut-data-document-model\4.8.4\micronaut-data-document-model-4.8.4.jar;C:\Users\jose.moraes\.m2\repository\io\micronaut\data\micronaut-data-connection\4.8.4\micronaut-data-connection-4.8.4.jar;C:\Users\jose.moraes\.m2\repository\io\micronaut\micronaut-context-propagation\4.5.4\micronaut-context-propagation-4.5.4.jar;C:\Users\jose.moraes\.m2\repository\io\micronaut\serde\micronaut-serde-bson\2.10.2\micronaut-serde-bson-2.10.2.jar;C:\Users\jose.moraes\.m2\repository\io\micronaut\mongodb\micronaut-mongo-reactive\5.3.0\micronaut-mongo-reactive-5.3.0.jar;C:\Users\jose.moraes\.m2\repository\io\micronaut\mongodb\micronaut-mongo-core\5.3.0\micronaut-mongo-core-5.3.0.jar;C:\Users\jose.moraes\.m2\repository\io\micronaut\validation\micronaut-validation\4.6.1\micronaut-validation-4.6.1.jar;C:\Users\jose.moraes\.m2\repository\jakarta\validation\jakarta.validation-api\3.1.0\jakarta.validation-api-3.1.0.jar;C:\Users\jose.moraes\.m2\repository\io\micronaut\reactor\micronaut-reactor\3.4.1\micronaut-reactor-3.4.1.jar;C:\Users\jose.moraes\.m2\repository\io\micronaut\mongodb\micronaut-mongo-sync\5.3.0\micronaut-mongo-sync-5.3.0.jar;C:\Users\jose.moraes\.m2\repository\org\mongodb\mongodb-driver-sync\4.11.1\mongodb-driver-sync-4.11.1.jar;C:\Users\jose.moraes\.m2\repository\org\mongodb\bson\4.11.2\bson-4.11.2.jar;C:\Users\jose.moraes\.m2\repository\org\mongodb\mongodb-driver-core\4.11.1\mongodb-driver-core-4.11.1.jar;C:\Users\jose.moraes\.m2\repository\org\mongodb\bson-record-codec\4.11.1\bson-record-codec-4.11.1.jar;C:\Users\jose.moraes\.m2\repository\io\micronaut\micrometer\micronaut-micrometer-core\5.7.1\micronaut-micrometer-core-5.7.1.jar;C:\Users\jose.moraes\.m2\repository\io\micrometer\micrometer-core\1.12.6\micrometer-core-1.12.6.jar;C:\Users\jose.moraes\.m2\repository\io\micrometer\micrometer-commons\1.12.6\micrometer-commons-1.12.6.jar;C:\Users\jose.moraes\.m2\repository\io\micrometer\micrometer-observation\1.12.6\micrometer-observation-1.12.6.jar;C:\Users\jose.moraes\.m2\repository\org\hdrhistogram\HdrHistogram\2.1.12\HdrHistogram-2.1.12.jar;C:\Users\jose.moraes\.m2\repository\org\latencyutils\LatencyUtils\2.0.3\LatencyUtils-2.0.3.jar;C:\Users\jose.moraes\.m2\repository\io\micronaut\micrometer\micronaut-micrometer-registry-prometheus\5.7.1\micronaut-micrometer-registry-prometheus-5.7.1.jar;C:\Users\jose.moraes\.m2\repository\io\micrometer\micrometer-registry-prometheus\1.12.6\micrometer-registry-prometheus-1.12.6.jar;C:\Users\jose.moraes\.m2\repository\io\prometheus\simpleclient_common\0.16.0\simpleclient_common-0.16.0.jar;C:\Users\jose.moraes\.m2\repository\io\prometheus\simpleclient\0.16.0\simpleclient-0.16.0.jar;C:\Users\jose.moraes\.m2\repository\io\prometheus\simpleclient_tracer_otel\0.16.0\simpleclient_tracer_otel-0.16.0.jar;C:\Users\jose.moraes\.m2\repository\io\prometheus\simpleclient_tracer_common\0.16.0\simpleclient_tracer_common-0.16.0.jar;C:\Users\jose.moraes\.m2\repository\io\prometheus\simpleclient_tracer_otel_agent\0.16.0\simpleclient_tracer_otel_agent-0.16.0.jar;C:\Users\jose.moraes\.m2\repository\io\micronaut\micronaut-management\4.5.4\micronaut-management-4.5.4.jar;C:\Users\jose.moraes\.m2\repository\io\micronaut\micronaut-router\4.5.4\micronaut-router-4.5.4.jar;C:\Users\jose.moraes\.m2\repository\io\micronaut\micronaut-discovery-core\4.5.4\micronaut-discovery-core-4.5.4.jar;"/>
    <property name="sun.cpu.endian" value="little"/>
    <property name="user.home" value="C:\Users\jose.moraes"/>
    <property name="user.language" value="pt"/>
    <property name="java.specification.vendor" value="Oracle Corporation"/>
    <property name="io.netty.allocator.maxOrder" value="3"/>
    <property name="java.version.date" value="2024-04-16"/>
    <property name="java.home" value="C:\Program Files\Java\jdk-21"/>
    <property name="file.separator" value="\"/>
    <property name="basedir" value="C:\Users\jose.moraes\Desktop\ProjectTCC\services-dois"/>
    <property name="java.vm.compressedOopsMode" value="Zero based"/>
    <property name="line.separator" value="&#10;"/>
    <property name="java.vm.specification.vendor" value="Oracle Corporation"/>
    <property name="java.specification.name" value="Java Platform API Specification"/>
    <property name="surefire.real.class.path" value="C:\Users\jose.moraes\AppData\Local\Temp\surefire5120093824182335229\surefirebooter-20240930124313437_3.jar"/>
    <property name="user.script" value=""/>
    <property name="sun.management.compiler" value="HotSpot 64-Bit Tiered Compilers"/>
    <property name="java.runtime.version" value="21.0.3+7-LTS-152"/>
    <property name="user.name" value="jose.moraes"/>
    <property name="stdout.encoding" value="Cp1252"/>
    <property name="path.separator" value=";"/>
    <property name="os.version" value="10.0"/>
    <property name="java.runtime.name" value="Java(TM) SE Runtime Environment"/>
    <property name="file.encoding" value="UTF-8"/>
    <property name="java.vm.name" value="Java HotSpot(TM) 64-Bit Server VM"/>
    <property name="localRepository" value="C:\Users\jose.moraes\.m2\repository"/>
    <property name="micronaut.classloader.logging" value="true"/>
    <property name="java.vendor.url.bug" value="https://bugreport.java.com/bugreport/"/>
    <property name="java.io.tmpdir" value="C:\Users\JOSE~1.MOR\AppData\Local\Temp\"/>
    <property name="java.version" value="21.0.3"/>
    <property name="user.dir" value="C:\Users\jose.moraes\Desktop\ProjectTCC\services-dois"/>
    <property name="os.arch" value="amd64"/>
    <property name="java.vm.specification.name" value="Java Virtual Machine Specification"/>
    <property name="sun.os.patch.level" value=""/>
    <property name="native.encoding" value="Cp1252"/>
    <property name="java.library.path" value="C:\Program Files\Java\jdk-21\bin;C:\Windows\Sun\Java\bin;C:\Windows\system32;C:\Windows;bin;C:\Program Files\Common Files\Oracle\Java\javapath;C:\Program Files\Python311\Scripts\;C:\Program Files\Python311\;D:\oracle\product\10.2.0\client_1\bin;C:\Program Files (x86)\Common Files\Oracle\Java\javapath;C:\Windows\system32;C:\Windows;C:\Windows\System32\Wbem;C:\Windows\System32\WindowsPowerShell\v1.0\;C:\Windows\System32\OpenSSH\;C:\Program Files\Azure Data Studio\bin;C:\Program Files\PuTTY\;C:\Program Files\SourceGear\Common\DiffMerge\;D:\IDEs\apache-maven-3.6.3\bin;C:\Program Files (x86)\ATI Technologies\ATI.ACE\Core-Static;C:\Program Files\Docker\Docker\resources\bin;C:\Program Files\Git\cmd;C:\Program Files (x86)\Microsoft SQL Server\160\DTS\Binn\;C:\Program Files (x86)\nodejs\;C:\Program Files\Redis;C:\Program Files\Java\jdk-21\bin;C:\Users\jose.moraes\AppData\Local\Microsoft\WindowsApps;C:\Program Files\JetBrains\IntelliJ IDEA Community Edition 2023.1.1\bin;;C:\Users\jose.moraes\AppData\Roaming\npm;C:\Users\jose.moraes\AppData\Local\Programs\Microsoft VS Code\bin;C:\Program Files (x86)\nodejs;C:\Program Files (x86)\RedisDesktopManager;;."/>
    <property name="java.vm.info" value="mixed mode, sharing"/>
    <property name="stderr.encoding" value="Cp1252"/>
    <property name="java.vendor" value="Oracle Corporation"/>
    <property name="java.vm.version" value="21.0.3+7-LTS-152"/>
    <property name="sun.io.unicode.encoding" value="UnicodeLittle"/>
    <property name="java.class.version" value="65.0"/>
  </properties>
  <testcase name="testItWorks" classname="com.servicesdois.ServicesDoisTest" time="0.12">
    <system-out><![CDATA[&amp#27;[36m12:43:22.496&amp#27;[0;39m &amp#27;[1;30m[main]&amp#27;[0;39m &amp#27;[34mINFO &amp#27;[0;39m &amp#27;[35mi.m.c.DefaultApplicationContext$RuntimeConfiguredEnvironment&amp#27;[0;39m - Established active environments: [test]
&amp#27;[36m12:43:23.145&amp#27;[0;39m &amp#27;[1;30m[main]&amp#27;[0;39m &amp#27;[34mINFO &amp#27;[0;39m &amp#27;[35mi.m.l.PropertiesLoggingLevelsConfigurer&amp#27;[0;39m - Setting log level 'OFF' for logger: 'org.apache.kafka'
&amp#27;[36m12:43:24.610&amp#27;[0;39m &amp#27;[1;30m[main]&amp#27;[0;39m &amp#27;[34mINFO &amp#27;[0;39m &amp#27;[35mi.m.c.kafka.admin.KafkaNewTopics&amp#27;[0;39m - Creating new topics: [(name=payment-success, numPartitions=1, replicationFactor=1, replicasAssignments=null, configs=null), (name=payment-fail, numPartitions=1, replicationFactor=1, replicasAssignments=null, configs=null)]
&amp#27;[36m12:43:26.838&amp#27;[0;39m &amp#27;[1;30m[main]&amp#27;[0;39m &amp#27;[34mINFO &amp#27;[0;39m &amp#27;[35mi.m.c.k.p.KafkaConsumerProcessor&amp#27;[0;39m - Kafka listener [Consumer#consumerPaymentSuccessEvent] subscribed to topics: [payment-success]
&amp#27;[36m12:43:26.928&amp#27;[0;39m &amp#27;[1;30m[pool-2-thread-1]&amp#27;[0;39m &amp#27;[34mINFO &amp#27;[0;39m &amp#27;[35mi.m.c.k.p.KafkaConsumerProcessor&amp#27;[0;39m - Consumer [services-dois-consumer] assignments changed: null -> []
&amp#27;[36m12:43:27.044&amp#27;[0;39m &amp#27;[1;30m[main]&amp#27;[0;39m &amp#27;[34mINFO &amp#27;[0;39m &amp#27;[35mi.m.c.k.p.KafkaConsumerProcessor&amp#27;[0;39m - Kafka listener [Consumer#consumerPaymentFailEvent] subscribed to topics: [payment-fail]
&amp#27;[36m12:43:27.050&amp#27;[0;39m &amp#27;[1;30m[pool-2-thread-2]&amp#27;[0;39m &amp#27;[34mINFO &amp#27;[0;39m &amp#27;[35mi.m.c.k.p.KafkaConsumerProcessor&amp#27;[0;39m - Consumer [services-dois-consumer-11] assignments changed: null -> []
&amp#27;[36m12:43:28.448&amp#27;[0;39m &amp#27;[1;30m[main]&amp#27;[0;39m &amp#27;[34mINFO &amp#27;[0;39m &amp#27;[35morg.mongodb.driver.client&amp#27;[0;39m - MongoClient with metadata {"application": {"name": "services-dois"}, "driver": {"name": "mongo-java-driver|sync", "version": "4.11.1"}, "os": {"type": "Windows", "name": "Windows 10", "architecture": "amd64", "version": "10.0"}, "platform": "Java/Oracle Corporation/21.0.3+7-LTS-152"} created with settings MongoClientSettings{readPreference=primary, writeConcern=WriteConcern{w=null, wTimeout=null ms, journal=null}, retryWrites=true, retryReads=true, readConcern=ReadConcern{level=null}, credential=null, transportSettings=null, streamFactoryFactory=null, commandListeners=[], codecRegistry=ProvidersCodecRegistry{codecProviders=[io.micronaut.data.mongodb.serde.DataCodecRegistry@3c87fdf2, ProvidersCodecRegistry{codecProviders=[ValueCodecProvider{}, BsonValueCodecProvider{}, DBRefCodecProvider{}, DBObjectCodecProvider{}, DocumentCodecProvider{}, CollectionCodecProvider{}, IterableCodecProvider{}, MapCodecProvider{}, GeoJsonCodecProvider{}, GridFSFileCodecProvider{}, Jsr310CodecProvider{}, JsonObjectCodecProvider{}, BsonCodecProvider{}, EnumCodecProvider{}, com.mongodb.client.model.mql.ExpressionCodecProvider@26bbe604, com.mongodb.Jep395RecordCodecProvider@fe34b86, com.mongodb.KotlinCodecProvider@3c98781a]}, ProvidersCodecRegistry{codecProviders=[MapOfCodecsProvider{codecsMap={}}]}]}, loggerSettings=LoggerSettings{maxDocumentLength=1000}, clusterSettings={hosts=[localhost:27017], srvServiceName=mongodb, mode=SINGLE, requiredClusterType=UNKNOWN, requiredReplicaSetName='null', serverSelector='null', clusterListeners='[]', serverSelectionTimeout='30000 ms', localThreshold='15 ms'}, socketSettings=SocketSettings{connectTimeoutMS=10000, readTimeoutMS=0, receiveBufferSize=0, proxySettings=ProxySettings{host=null, port=null, username=null, password=null}}, heartbeatSocketSettings=SocketSettings{connectTimeoutMS=10000, readTimeoutMS=10000, receiveBufferSize=0, proxySettings=ProxySettings{host=null, port=null, username=null, password=null}}, connectionPoolSettings=ConnectionPoolSettings{maxSize=100, minSize=0, maxWaitTimeMS=120000, maxConnectionLifeTimeMS=0, maxConnectionIdleTimeMS=0, maintenanceInitialDelayMS=0, maintenanceFrequencyMS=60000, connectionPoolListeners=[], maxConnecting=2}, serverSettings=ServerSettings{heartbeatFrequencyMS=10000, minHeartbeatFrequencyMS=500, serverListeners='[]', serverMonitorListeners='[]'}, sslSettings=SslSettings{enabled=false, invalidHostNameAllowed=false, context=null}, applicationName='services-dois', compressorList=[], uuidRepresentation=UNSPECIFIED, serverApi=null, autoEncryptionSettings=null, dnsClient=null, inetAddressResolver=null, contextProvider=null}
&amp#27;[36m12:43:28.472&amp#27;[0;39m &amp#27;[1;30m[cluster-ClusterId{value='66fac720285c8330f4b50b98', description='services-dois'}-localhost:27017]&amp#27;[0;39m &amp#27;[34mINFO &amp#27;[0;39m &amp#27;[35morg.mongodb.driver.cluster&amp#27;[0;39m - Monitor thread successfully connected to server with description ServerDescription{address=localhost:27017, type=STANDALONE, state=CONNECTED, ok=true, minWireVersion=0, maxWireVersion=13, maxDocumentSize=16777216, logicalSessionTimeoutMinutes=30, roundTripTimeNanos=76770900}
]]></system-out>
  </testcase>
</testsuite>